2026-03-17 18:05:08,826 INFO sqlalchemy.engine.Engine select pg_catalog.version()
2026-03-17 18:05:08,829 INFO sqlalchemy.engine.Engine [raw sql] ()
2026-03-17 18:05:08,836 INFO sqlalchemy.engine.Engine select current_schema()
2026-03-17 18:05:08,839 INFO sqlalchemy.engine.Engine [raw sql] ()
2026-03-17 18:05:08,846 INFO sqlalchemy.engine.Engine show standard_conforming_strings
2026-03-17 18:05:08,849 INFO sqlalchemy.engine.Engine [raw sql] ()
2026-03-17 18:05:08,855 INFO sqlalchemy.engine.Engine BEGIN (implicit)
2026-03-17 18:05:08,872 INFO sqlalchemy.engine.Engine SELECT pg_catalog.pg_class.relname 
FROM pg_catalog.pg_class JOIN pg_catalog.pg_namespace ON pg_catalog.pg_namespace.oid = pg_catalog.pg_class.relnamespace 
WHERE pg_catalog.pg_class.relname = $1::VARCHAR AND pg_catalog.pg_class.relkind = ANY (ARRAY[$2::VARCHAR, $3::VARCHAR, $4::VARCHAR, $5::VARCHAR, $6::VARCHAR]) AND pg_catalog.pg_table_is_visible(pg_catalog.pg_class.oid) AND pg_catalog.pg_namespace.nspname != $7::VARCHAR
2026-03-17 18:05:08,874 INFO sqlalchemy.engine.Engine [generated in 0.00136s] ('tenants', 'r', 'p', 'f', 'v', 'm', 'pg_catalog')
2026-03-17 18:05:08,893 INFO sqlalchemy.engine.Engine SELECT pg_catalog.pg_class.relname 
FROM pg_catalog.pg_class JOIN pg_catalog.pg_namespace ON pg_catalog.pg_namespace.oid = pg_catalog.pg_class.relnamespace 
WHERE pg_catalog.pg_class.relname = $1::VARCHAR AND pg_catalog.pg_class.relkind = ANY (ARRAY[$2::VARCHAR, $3::VARCHAR, $4::VARCHAR, $5::VARCHAR, $6::VARCHAR]) AND pg_catalog.pg_table_is_visible(pg_catalog.pg_class.oid) AND pg_catalog.pg_namespace.nspname != $7::VARCHAR
2026-03-17 18:05:08,893 INFO sqlalchemy.engine.Engine [cached since 0.02074s ago] ('usuarios', 'r', 'p', 'f', 'v', 'm', 'pg_catalog')
2026-03-17 18:05:08,895 INFO sqlalchemy.engine.Engine SELECT pg_catalog.pg_class.relname 
FROM pg_catalog.pg_class JOIN pg_catalog.pg_namespace ON pg_catalog.pg_namespace.oid = pg_catalog.pg_class.relnamespace 
WHERE pg_catalog.pg_class.relname = $1::VARCHAR AND pg_catalog.pg_class.relkind = ANY (ARRAY[$2::VARCHAR, $3::VARCHAR, $4::VARCHAR, $5::VARCHAR, $6::VARCHAR]) AND pg_catalog.pg_table_is_visible(pg_catalog.pg_class.oid) AND pg_catalog.pg_namespace.nspname != $7::VARCHAR
2026-03-17 18:05:08,895 INFO sqlalchemy.engine.Engine [cached since 0.02411s ago] ('entidades_fiscales', 'r', 'p', 'f', 'v', 'm', 'pg_catalog')
2026-03-17 18:05:08,899 INFO sqlalchemy.engine.Engine SELECT pg_catalog.pg_class.relname 
FROM pg_catalog.pg_class JOIN pg_catalog.pg_namespace ON pg_catalog.pg_namespace.oid = pg_catalog.pg_class.relnamespace 
WHERE pg_catalog.pg_class.relname = $1::VARCHAR AND pg_catalog.pg_class.relkind = ANY (ARRAY[$2::VARCHAR, $3::VARCHAR, $4::VARCHAR, $5::VARCHAR, $6::VARCHAR]) AND pg_catalog.pg_table_is_visible(pg_catalog.pg_class.oid) AND pg_catalog.pg_namespace.nspname != $7::VARCHAR
2026-03-17 18:05:08,900 INFO sqlalchemy.engine.Engine [cached since 0.02712s ago] ('usuario_entidad_acceso', 'r', 'p', 'f', 'v', 'm', 'pg_catalog')
2026-03-17 18:05:08,902 INFO sqlalchemy.engine.Engine SELECT pg_catalog.pg_class.relname 
FROM pg_catalog.pg_class JOIN pg_catalog.pg_namespace ON pg_catalog.pg_namespace.oid = pg_catalog.pg_class.relnamespace 
WHERE pg_catalog.pg_class.relname = $1::VARCHAR AND pg_catalog.pg_class.relkind = ANY (ARRAY[$2::VARCHAR, $3::VARCHAR, $4::VARCHAR, $5::VARCHAR, $6::VARCHAR]) AND pg_catalog.pg_table_is_visible(pg_catalog.pg_class.oid) AND pg_catalog.pg_namespace.nspname != $7::VARCHAR
2026-03-17 18:05:08,903 INFO sqlalchemy.engine.Engine [cached since 0.02989s ago] ('bitacora_auditoria', 'r', 'p', 'f', 'v', 'm', 'pg_catalog')
2026-03-17 18:05:08,905 INFO sqlalchemy.engine.Engine SELECT pg_catalog.pg_class.relname 
FROM pg_catalog.pg_class JOIN pg_catalog.pg_namespace ON pg_catalog.pg_namespace.oid = pg_catalog.pg_class.relnamespace 
WHERE pg_catalog.pg_class.relname = $1::VARCHAR AND pg_catalog.pg_class.relkind = ANY (ARRAY[$2::VARCHAR, $3::VARCHAR, $4::VARCHAR, $5::VARCHAR, $6::VARCHAR]) AND pg_catalog.pg_table_is_visible(pg_catalog.pg_class.oid) AND pg_catalog.pg_namespace.nspname != $7::VARCHAR
2026-03-17 18:05:08,906 INFO sqlalchemy.engine.Engine [cached since 0.03264s ago] ('cfdis', 'r', 'p', 'f', 'v', 'm', 'pg_catalog')
2026-03-17 18:05:08,908 INFO sqlalchemy.engine.Engine SELECT pg_catalog.pg_class.relname 
FROM pg_catalog.pg_class JOIN pg_catalog.pg_namespace ON pg_catalog.pg_namespace.oid = pg_catalog.pg_class.relnamespace 
WHERE pg_catalog.pg_class.relname = $1::VARCHAR AND pg_catalog.pg_class.relkind = ANY (ARRAY[$2::VARCHAR, $3::VARCHAR, $4::VARCHAR, $5::VARCHAR, $6::VARCHAR]) AND pg_catalog.pg_table_is_visible(pg_catalog.pg_class.oid) AND pg_catalog.pg_namespace.nspname != $7::VARCHAR
2026-03-17 18:05:08,909 INFO sqlalchemy.engine.Engine [cached since 0.03619s ago] ('comprobantes', 'r', 'p', 'f', 'v', 'm', 'pg_catalog')
2026-03-17 18:05:08,911 INFO sqlalchemy.engine.Engine SELECT pg_catalog.pg_class.relname 
FROM pg_catalog.pg_class JOIN pg_catalog.pg_namespace ON pg_catalog.pg_namespace.oid = pg_catalog.pg_class.relnamespace 
WHERE pg_catalog.pg_class.relname = $1::VARCHAR AND pg_catalog.pg_class.relkind = ANY (ARRAY[$2::VARCHAR, $3::VARCHAR, $4::VARCHAR, $5::VARCHAR, $6::VARCHAR]) AND pg_catalog.pg_table_is_visible(pg_catalog.pg_class.oid) AND pg_catalog.pg_namespace.nspname != $7::VARCHAR
2026-03-17 18:05:08,912 INFO sqlalchemy.engine.Engine [cached since 0.03943s ago] ('cfdi_relacionados', 'r', 'p', 'f', 'v', 'm', 'pg_catalog')
2026-03-17 18:05:08,914 INFO sqlalchemy.engine.Engine SELECT pg_catalog.pg_class.relname 
FROM pg_catalog.pg_class JOIN pg_catalog.pg_namespace ON pg_catalog.pg_namespace.oid = pg_catalog.pg_class.relnamespace 
WHERE pg_catalog.pg_class.relname = $1::VARCHAR AND pg_catalog.pg_class.relkind = ANY (ARRAY[$2::VARCHAR, $3::VARCHAR, $4::VARCHAR, $5::VARCHAR, $6::VARCHAR]) AND pg_catalog.pg_table_is_visible(pg_catalog.pg_class.oid) AND pg_catalog.pg_namespace.nspname != $7::VARCHAR
2026-03-17 18:05:08,915 INFO sqlalchemy.engine.Engine [cached since 0.04192s ago] ('entidad_smtp_configs', 'r', 'p', 'f', 'v', 'm', 'pg_catalog')
2026-03-17 18:05:08,916 INFO sqlalchemy.engine.Engine SELECT pg_catalog.pg_class.relname 
FROM pg_catalog.pg_class JOIN pg_catalog.pg_namespace ON pg_catalog.pg_namespace.oid = pg_catalog.pg_class.relnamespace 
WHERE pg_catalog.pg_class.relname = $1::VARCHAR AND pg_catalog.pg_class.relkind = ANY (ARRAY[$2::VARCHAR, $3::VARCHAR, $4::VARCHAR, $5::VARCHAR, $6::VARCHAR]) AND pg_catalog.pg_table_is_visible(pg_catalog.pg_class.oid) AND pg_catalog.pg_namespace.nspname != $7::VARCHAR
2026-03-17 18:05:08,917 INFO sqlalchemy.engine.Engine [cached since 0.04439s ago] ('entidad_storage_configs', 'r', 'p', 'f', 'v', 'm', 'pg_catalog')
2026-03-17 18:05:08,918 INFO sqlalchemy.engine.Engine SELECT pg_catalog.pg_class.relname 
FROM pg_catalog.pg_class JOIN pg_catalog.pg_namespace ON pg_catalog.pg_namespace.oid = pg_catalog.pg_class.relnamespace 
WHERE pg_catalog.pg_class.relname = $1::VARCHAR AND pg_catalog.pg_class.relkind = ANY (ARRAY[$2::VARCHAR, $3::VARCHAR, $4::VARCHAR, $5::VARCHAR, $6::VARCHAR]) AND pg_catalog.pg_table_is_visible(pg_catalog.pg_class.oid) AND pg_catalog.pg_namespace.nspname != $7::VARCHAR
2026-03-17 18:05:08,920 INFO sqlalchemy.engine.Engine [cached since 0.04637s ago] ('email_queue', 'r', 'p', 'f', 'v', 'm', 'pg_catalog')
2026-03-17 18:05:08,920 INFO sqlalchemy.engine.Engine SELECT pg_catalog.pg_class.relname 
FROM pg_catalog.pg_class JOIN pg_catalog.pg_namespace ON pg_catalog.pg_namespace.oid = pg_catalog.pg_class.relnamespace 
WHERE pg_catalog.pg_class.relname = $1::VARCHAR AND pg_catalog.pg_class.relkind = ANY (ARRAY[$2::VARCHAR, $3::VARCHAR, $4::VARCHAR, $5::VARCHAR, $6::VARCHAR]) AND pg_catalog.pg_table_is_visible(pg_catalog.pg_class.oid) AND pg_catalog.pg_namespace.nspname != $7::VARCHAR
2026-03-17 18:05:08,921 INFO sqlalchemy.engine.Engine [cached since 0.04825s ago] ('email_logs', 'r', 'p', 'f', 'v', 'm', 'pg_catalog')
2026-03-17 18:05:08,922 INFO sqlalchemy.engine.Engine SELECT pg_catalog.pg_class.relname 
FROM pg_catalog.pg_class JOIN pg_catalog.pg_namespace ON pg_catalog.pg_namespace.oid = pg_catalog.pg_class.relnamespace 
WHERE pg_catalog.pg_class.relname = $1::VARCHAR AND pg_catalog.pg_class.relkind = ANY (ARRAY[$2::VARCHAR, $3::VARCHAR, $4::VARCHAR, $5::VARCHAR, $6::VARCHAR]) AND pg_catalog.pg_table_is_visible(pg_catalog.pg_class.oid) AND pg_catalog.pg_namespace.nspname != $7::VARCHAR
2026-03-17 18:05:08,923 INFO sqlalchemy.engine.Engine [cached since 0.0506s ago] ('plantillas_correo', 'r', 'p', 'f', 'v', 'm', 'pg_catalog')
2026-03-17 18:05:08,927 INFO sqlalchemy.engine.Engine ALTER TABLE cfdis ADD COLUMN IF NOT EXISTS source_type VARCHAR(50) DEFAULT 'UPLOAD_MANUAL'
2026-03-17 18:05:08,928 INFO sqlalchemy.engine.Engine [generated in 0.00091s] ()
2026-03-17 18:05:08,933 INFO sqlalchemy.engine.Engine ALTER TABLE cfdis ADD COLUMN IF NOT EXISTS tipo_comprobante CHAR(1)
2026-03-17 18:05:08,934 INFO sqlalchemy.engine.Engine [generated in 0.00076s] ()
2026-03-17 18:05:08,937 INFO sqlalchemy.engine.Engine ALTER TABLE cfdis ADD COLUMN IF NOT EXISTS serie VARCHAR(25)
2026-03-17 18:05:08,937 INFO sqlalchemy.engine.Engine [generated in 0.00076s] ()
2026-03-17 18:05:08,939 INFO sqlalchemy.engine.Engine ALTER TABLE cfdis ADD COLUMN IF NOT EXISTS folio VARCHAR(40)
2026-03-17 18:05:08,940 INFO sqlalchemy.engine.Engine [generated in 0.00089s] ()
2026-03-17 18:05:08,944 INFO sqlalchemy.engine.Engine COMMIT
2026-03-17 18:05:08,948 INFO sqlalchemy.engine.Engine BEGIN (implicit)
2026-03-17 18:05:09,020 INFO sqlalchemy.engine.Engine SELECT usuarios.id, usuarios.username, usuarios.email, usuarios.hashed_password, usuarios.is_superadmin, usuarios.is_active, usuarios.last_login, usuarios.auth_provider, usuarios.created_at 
FROM usuarios 
 LIMIT $1::INTEGER
2026-03-17 18:05:09,020 INFO sqlalchemy.engine.Engine [generated in 0.00090s] (1,)
2026-03-17 18:05:09,028 INFO sqlalchemy.engine.Engine ROLLBACK
